<?xml version="1.0" encoding="UTF-8"?>
<!-- Generated by org.testng.reporters.JUnitReportReporter -->
<testsuite hostname="DESKTOP-E572CRP" failures="0" tests="9" name="day45.ParamTest" time="0.236" errors="0" timestamp="2024-12-22T22:49:44 IST" skipped="0">
  <testcase classname="day45.ParamTest" name="testLogo" time="0.052"/>
  <system-out/>
  <testcase classname="day45.ParamTest" name="testLogo" time="0.039"/>
  <system-out/>
  <testcase classname="day45.ParamTest" name="testLogo" time="0.082"/>
  <system-out/>
  <testcase classname="day45.ParamTest" name="testTitle" time="0.011"/>
  <system-out/>
  <testcase classname="day45.ParamTest" name="testTitle" time="0.005"/>
  <system-out/>
  <testcase classname="day45.ParamTest" name="testTitle" time="0.011"/>
  <system-out/>
  <testcase classname="day45.ParamTest" name="testURL" time="0.011"/>
  <system-out/>
  <testcase classname="day45.ParamTest" name="testURL" time="0.006"/>
  <system-out/>
  <testcase classname="day45.ParamTest" name="testURL" time="0.019"/>
  <system-out/>
</testsuite> <!-- day45.ParamTest -->
