<?xml version="1.0" encoding="UTF-8"?>
<!-- Generated by org.testng.reporters.JUnitReportReporter -->
<testsuite hostname="DESKTOP-E572CRP" failures="0" tests="5" name="day42.OrangeHRMTest" time="29.245" errors="0" timestamp="2024-12-02T13:17:44 IST" skipped="0">
  <testcase classname="day42.OrangeHRMTest" name="openApp" time="4.860"/>
  <system-out/>
  <testcase classname="day42.OrangeHRMTest" name="checkLogo" time="5.045"/>
  <system-out/>
  <testcase classname="day42.OrangeHRMTest" name="login" time="11.445"/>
  <system-out/>
  <testcase classname="day42.OrangeHRMTest" name="logout" time="7.737"/>
  <system-out/>
  <testcase classname="day42.OrangeHRMTest" name="closeApp" time="0.158"/>
  <system-out/>
</testsuite> <!-- day42.OrangeHRMTest -->
