<?xml version="1.0" encoding="UTF-8"?>
<!-- Generated by org.testng.reporters.JUnitReportReporter -->
<testsuite hostname="DESKTOP-E572CRP" failures="0" tests="2" name="day43.AnnotationsDemo1" time="0.015" errors="0" timestamp="2024-12-03T10:26:33 IST" skipped="0">
  <testcase classname="day43.AnnotationsDemo1" name="search" time="0.014"/>
  <system-out/>
  <testcase classname="day43.AnnotationsDemo1" name="advSearch" time="0.001"/>
  <system-out/>
</testsuite> <!-- day43.AnnotationsDemo1 -->
