<?xml version="1.0" encoding="UTF-8"?>
<!-- Generated by org.testng.reporters.JUnitReportReporter -->
<testsuite hostname="DESKTOP-E572CRP" failures="0" tests="9" name="day45.ParamTest" time="0.504" errors="0" timestamp="2024-12-23T10:13:13 IST" skipped="0">
  <testcase classname="day45.ParamTest" name="testLogo" time="0.277"/>
  <system-out/>
  <testcase classname="day45.ParamTest" name="testLogo" time="0.047"/>
  <system-out/>
  <testcase classname="day45.ParamTest" name="testLogo" time="0.031"/>
  <system-out/>
  <testcase classname="day45.ParamTest" name="testTitle" time="0.059"/>
  <system-out/>
  <testcase classname="day45.ParamTest" name="testTitle" time="0.005"/>
  <system-out/>
  <testcase classname="day45.ParamTest" name="testTitle" time="0.012"/>
  <system-out/>
  <testcase classname="day45.ParamTest" name="testURL" time="0.012"/>
  <system-out/>
  <testcase classname="day45.ParamTest" name="testURL" time="0.006"/>
  <system-out/>
  <testcase classname="day45.ParamTest" name="testURL" time="0.055"/>
  <system-out/>
</testsuite> <!-- day45.ParamTest -->
