<?xml version="1.0" encoding="UTF-8"?>
<!-- Generated by org.testng.reporters.JUnitReportReporter -->
<testsuite hostname="DESKTOP-E572CRP" failures="0" tests="3" name="day44.LoginTests" time="0.013" errors="0" timestamp="2024-12-05T16:23:33 IST" skipped="0">
  <testcase classname="day44.LoginTests" name="loginByEmail" time="0.010"/>
  <system-out/>
  <testcase classname="day44.LoginTests" name="loginByFacebook" time="0.002"/>
  <system-out/>
  <testcase classname="day44.LoginTests" name="loginByTwitter" time="0.001"/>
  <system-out/>
</testsuite> <!-- day44.LoginTests -->
