<?xml version="1.0" encoding="UTF-8"?>
<!-- Generated by org.testng.reporters.JUnitReportReporter -->
<testsuite hostname="DESKTOP-E572CRP" failures="0" tests="1" name="day47.LoginTest" time="1.793" errors="0" timestamp="2025-01-02T23:32:23 IST" skipped="0">
  <testcase classname="day47.LoginTest" name="testLogin" time="1.793"/>
  <system-out/>
</testsuite> <!-- day47.LoginTest -->
