<?xml version="1.0" encoding="UTF-8"?>
<!-- Generated by org.testng.reporters.JUnitReportReporter -->
<testsuite hostname="DESKTOP-E572CRP" failures="0" tests="1" name="demoBlaze.FlightSearchTest" time="1.850" errors="0" timestamp="2025-05-11T02:02:33 IST" skipped="0">
  <testcase classname="demoBlaze.FlightSearchTest" name="testFindFlight" time="1.850"/>
  <system-out/>
</testsuite> <!-- demoBlaze.FlightSearchTest -->
