<?xml version="1.0" encoding="UTF-8"?>
<!-- Generated by org.testng.reporters.JUnitReportReporter -->
<testsuite hostname="DESKTOP-E572CRP" failures="0" tests="2" name="day44.PaymentTests" time="0.001" errors="0" timestamp="2024-12-05T16:23:33 IST" skipped="0">
  <testcase classname="day44.PaymentTests" name="paymentInRupees" time="0.001"/>
  <system-out/>
  <testcase classname="day44.PaymentTests" name="paymentInDollars" time="0.000"/>
  <system-out/>
</testsuite> <!-- day44.PaymentTests -->
