<?xml version="1.0" encoding="UTF-8"?>
<!-- Generated by org.testng.reporters.JUnitReportReporter -->
<testsuite hostname="DESKTOP-E572CRP" failures="0" tests="1" name="day43.package1.C1" time="0.010" errors="0" timestamp="2024-12-03T12:22:56 IST" skipped="0">
  <testcase classname="day43.package1.C1" name="abc" time="0.010"/>
  <system-out/>
</testsuite> <!-- day43.package1.C1 -->
