<?xml version="1.0" encoding="UTF-8"?>
<!-- Generated by org.testng.reporters.JUnitReportReporter -->
<testsuite hostname="DESKTOP-E572CRP" failures="0" tests="2" name="day43.AnnotationsDemo2" time="0.011" errors="0" timestamp="2024-12-03T11:06:30 IST" skipped="0">
  <testcase classname="day43.AnnotationsDemo2" name="search" time="0.009"/>
  <system-out/>
  <testcase classname="day43.AnnotationsDemo2" name="advSearch" time="0.002"/>
  <system-out/>
</testsuite> <!-- day43.AnnotationsDemo2 -->
